<?xml version="1.0" encoding="UTF-8"?>
<testng-results ignored="0" total="7" passed="6" failed="1" skipped="0">
  <reporter-output>
  </reporter-output>
  <suite started-at="2025-07-31T16:57:34 PDT" name="Default suite" finished-at="2025-07-31T16:58:40 PDT" duration-ms="66345">
    <groups>
    </groups>
    <test started-at="2025-07-31T16:57:34 PDT" name="Default test" finished-at="2025-07-31T16:58:40 PDT" duration-ms="66345">
      <class name="sfdc.pageobjmod.tests.UserMenuTest">
        <test-method is-config="true" signature="initMethod()[pri:0, instance:sfdc.pageobjmod.tests.UserMenuTest@1c6804cd]" started-at="2025-07-31T16:57:34 PDT" name="initMethod" finished-at="2025-07-31T16:57:38 PDT" duration-ms="4390" status="PASS">
          <reporter-output>
          </reporter-output>
        </test-method> <!-- initMethod -->
        <test-method signature="Aboutme()[pri:0, instance:sfdc.pageobjmod.tests.UserMenuTest@1c6804cd]" started-at="2025-07-31T16:57:38 PDT" name="Aboutme" finished-at="2025-07-31T16:57:48 PDT" duration-ms="9291" status="PASS">
          <reporter-output>
          </reporter-output>
        </test-method> <!-- Aboutme -->
        <test-method is-config="true" signature="teardown()[pri:0, instance:sfdc.pageobjmod.tests.UserMenuTest@1c6804cd]" started-at="2025-07-31T16:57:48 PDT" name="teardown" finished-at="2025-07-31T16:57:48 PDT" duration-ms="263" status="PASS">
          <reporter-output>
          </reporter-output>
        </test-method> <!-- teardown -->
        <test-method is-config="true" signature="initMethod()[pri:0, instance:sfdc.pageobjmod.tests.UserMenuTest@1c6804cd]" started-at="2025-07-31T16:57:48 PDT" name="initMethod" finished-at="2025-07-31T16:57:49 PDT" duration-ms="1198" status="PASS">
          <reporter-output>
          </reporter-output>
        </test-method> <!-- initMethod -->
        <test-method signature="DevelopersConsol()[pri:0, instance:sfdc.pageobjmod.tests.UserMenuTest@1c6804cd]" started-at="2025-07-31T16:57:49 PDT" name="DevelopersConsol" finished-at="2025-07-31T16:57:53 PDT" duration-ms="4204" status="PASS">
          <reporter-output>
          </reporter-output>
        </test-method> <!-- DevelopersConsol -->
        <test-method is-config="true" signature="teardown()[pri:0, instance:sfdc.pageobjmod.tests.UserMenuTest@1c6804cd]" started-at="2025-07-31T16:57:53 PDT" name="teardown" finished-at="2025-07-31T16:57:53 PDT" duration-ms="211" status="PASS">
          <reporter-output>
          </reporter-output>
        </test-method> <!-- teardown -->
        <test-method is-config="true" signature="initMethod()[pri:0, instance:sfdc.pageobjmod.tests.UserMenuTest@1c6804cd]" started-at="2025-07-31T16:57:53 PDT" name="initMethod" finished-at="2025-07-31T16:57:55 PDT" duration-ms="1052" status="PASS">
          <reporter-output>
          </reporter-output>
        </test-method> <!-- initMethod -->
        <test-method signature="FileclickAndFileupload()[pri:0, instance:sfdc.pageobjmod.tests.UserMenuTest@1c6804cd]" started-at="2025-07-31T16:57:55 PDT" name="FileclickAndFileupload" finished-at="2025-07-31T16:58:01 PDT" duration-ms="6552" status="PASS">
          <reporter-output>
          </reporter-output>
        </test-method> <!-- FileclickAndFileupload -->
        <test-method is-config="true" signature="teardown()[pri:0, instance:sfdc.pageobjmod.tests.UserMenuTest@1c6804cd]" started-at="2025-07-31T16:58:01 PDT" name="teardown" finished-at="2025-07-31T16:58:01 PDT" duration-ms="209" status="PASS">
          <reporter-output>
          </reporter-output>
        </test-method> <!-- teardown -->
        <test-method is-config="true" signature="initMethod()[pri:0, instance:sfdc.pageobjmod.tests.UserMenuTest@1c6804cd]" started-at="2025-07-31T16:58:01 PDT" name="initMethod" finished-at="2025-07-31T16:58:02 PDT" duration-ms="1136" status="PASS">
          <reporter-output>
          </reporter-output>
        </test-method> <!-- initMethod -->
        <test-method signature="LogOutClick()[pri:0, instance:sfdc.pageobjmod.tests.UserMenuTest@1c6804cd]" started-at="2025-07-31T16:58:02 PDT" name="LogOutClick" finished-at="2025-07-31T16:58:06 PDT" duration-ms="3349" status="FAIL">
          <exception class="org.openqa.selenium.NoSuchElementException">
            <message>
              <![CDATA[no such element: Unable to locate element: {"method":"xpath","selector":"//div[@id='userNavButton']"}
  (Session info: chrome=138.0.7204.169)
For documentation on this error, please visit: https://www.selenium.dev/documentation/webdriver/troubleshooting/errors#no-such-element-exception
Build info: version: '4.17.0', revision: 'e52b1be057*'
System info: os.name: 'Windows 11', os.arch: 'amd64', os.version: '10.0', java.version: '21.0.6'
Driver info: org.openqa.selenium.chrome.ChromeDriver
Command: [52af1b4f5070832a0bd6d0cac818e11a, findElement {using=xpath, value=//div[@id='userNavButton']}]
Capabilities {acceptInsecureCerts: false, browserName: chrome, browserVersion: 138.0.7204.169, chrome: {chromedriverVersion: 138.0.7204.183 (e90faf484dd..., userDataDir: C:\Users\annur\AppData\Loca...}, fedcm:accounts: true, goog:chromeOptions: {debuggerAddress: localhost:58045}, networkConnectionEnabled: false, pageLoadStrategy: normal, platformName: windows, proxy: Proxy(), se:cdp: ws://localhost:58045/devtoo..., se:cdpVersion: 138.0.7204.169, setWindowRect: true, strictFileInteractability: false, timeouts: {implicit: 0, pageLoad: 300000, script: 30000}, unhandledPromptBehavior: dismiss and notify, webauthn:extension:credBlob: true, webauthn:extension:largeBlob: true, webauthn:extension:minPinLength: true, webauthn:extension:prf: true, webauthn:virtualAuthenticators: true}
Session ID: 52af1b4f5070832a0bd6d0cac818e11a]]>
            </message>
            <full-stacktrace>
              <![CDATA[org.openqa.selenium.NoSuchElementException: no such element: Unable to locate element: {"method":"xpath","selector":"//div[@id='userNavButton']"}
  (Session info: chrome=138.0.7204.169)
For documentation on this error, please visit: https://www.selenium.dev/documentation/webdriver/troubleshooting/errors#no-such-element-exception
Build info: version: '4.17.0', revision: 'e52b1be057*'
System info: os.name: 'Windows 11', os.arch: 'amd64', os.version: '10.0', java.version: '21.0.6'
Driver info: org.openqa.selenium.chrome.ChromeDriver
Command: [52af1b4f5070832a0bd6d0cac818e11a, findElement {using=xpath, value=//div[@id='userNavButton']}]
Capabilities {acceptInsecureCerts: false, browserName: chrome, browserVersion: 138.0.7204.169, chrome: {chromedriverVersion: 138.0.7204.183 (e90faf484dd..., userDataDir: C:\Users\annur\AppData\Loca...}, fedcm:accounts: true, goog:chromeOptions: {debuggerAddress: localhost:58045}, networkConnectionEnabled: false, pageLoadStrategy: normal, platformName: windows, proxy: Proxy(), se:cdp: ws://localhost:58045/devtoo..., se:cdpVersion: 138.0.7204.169, setWindowRect: true, strictFileInteractability: false, timeouts: {implicit: 0, pageLoad: 300000, script: 30000}, unhandledPromptBehavior: dismiss and notify, webauthn:extension:credBlob: true, webauthn:extension:largeBlob: true, webauthn:extension:minPinLength: true, webauthn:extension:prf: true, webauthn:virtualAuthenticators: true}
Session ID: 52af1b4f5070832a0bd6d0cac818e11a
at java.base/jdk.internal.reflect.DirectConstructorHandleAccessor.newInstance(DirectConstructorHandleAccessor.java:62)
at java.base/java.lang.reflect.Constructor.newInstanceWithCaller(Constructor.java:502)
at java.base/java.lang.reflect.Constructor.newInstance(Constructor.java:486)
at org.openqa.selenium.remote.codec.w3c.W3CHttpResponseCodec.createException(W3CHttpResponseCodec.java:185)
at org.openqa.selenium.remote.codec.w3c.W3CHttpResponseCodec.decode(W3CHttpResponseCodec.java:134)
at org.openqa.selenium.remote.codec.w3c.W3CHttpResponseCodec.decode(W3CHttpResponseCodec.java:51)
at org.openqa.selenium.remote.HttpCommandExecutor.execute(HttpCommandExecutor.java:190)
at org.openqa.selenium.remote.service.DriverCommandExecutor.invokeExecute(DriverCommandExecutor.java:216)
at org.openqa.selenium.remote.service.DriverCommandExecutor.execute(DriverCommandExecutor.java:174)
at org.openqa.selenium.remote.RemoteWebDriver.execute(RemoteWebDriver.java:519)
at org.openqa.selenium.remote.ElementLocation$ElementFinder$2.findElement(ElementLocation.java:165)
at org.openqa.selenium.remote.ElementLocation.findElement(ElementLocation.java:59)
at org.openqa.selenium.remote.RemoteWebDriver.findElement(RemoteWebDriver.java:356)
at org.openqa.selenium.remote.RemoteWebDriver.findElement(RemoteWebDriver.java:350)
at org.openqa.selenium.support.pagefactory.DefaultElementLocator.findElement(DefaultElementLocator.java:68)
at org.openqa.selenium.support.pagefactory.internal.LocatingElementHandler.invoke(LocatingElementHandler.java:38)
at jdk.proxy2/jdk.proxy2.$Proxy30.isDisplayed(Unknown Source)
at sfdc.pageobjmod.pages.sfdcUserMenuPage.LogOutclick(sfdcUserMenuPage.java:532)
at sfdc.pageobjmod.tests.UserMenuTest.LogOutClick(UserMenuTest.java:178)
at java.base/jdk.internal.reflect.DirectMethodHandleAccessor.invoke(DirectMethodHandleAccessor.java:103)
at java.base/java.lang.reflect.Method.invoke(Method.java:580)
at org.testng.internal.invokers.MethodInvocationHelper.invokeMethod(MethodInvocationHelper.java:139)
at org.testng.internal.invokers.TestInvoker.invokeMethod(TestInvoker.java:664)
at org.testng.internal.invokers.TestInvoker.invokeTestMethod(TestInvoker.java:228)
at org.testng.internal.invokers.MethodRunner.runInSequence(MethodRunner.java:63)
at org.testng.internal.invokers.TestInvoker$MethodInvocationAgent.invoke(TestInvoker.java:961)
at org.testng.internal.invokers.TestInvoker.invokeTestMethods(TestInvoker.java:201)
at org.testng.internal.invokers.TestMethodWorker.invokeTestMethods(TestMethodWorker.java:148)
at org.testng.internal.invokers.TestMethodWorker.run(TestMethodWorker.java:128)
at java.base/java.util.ArrayList.forEach(ArrayList.java:1596)
at org.testng.TestRunner.privateRun(TestRunner.java:819)
at org.testng.TestRunner.run(TestRunner.java:619)
at org.testng.SuiteRunner.runTest(SuiteRunner.java:443)
at org.testng.SuiteRunner.runSequentially(SuiteRunner.java:437)
at org.testng.SuiteRunner.privateRun(SuiteRunner.java:397)
at org.testng.SuiteRunner.run(SuiteRunner.java:336)
at org.testng.SuiteRunnerWorker.runSuite(SuiteRunnerWorker.java:52)
at org.testng.SuiteRunnerWorker.run(SuiteRunnerWorker.java:95)
at org.testng.TestNG.runSuitesSequentially(TestNG.java:1301)
at org.testng.TestNG.runSuitesLocally(TestNG.java:1228)
at org.testng.TestNG.runSuites(TestNG.java:1134)
at org.testng.TestNG.run(TestNG.java:1101)
at org.testng.remote.AbstractRemoteTestNG.run(AbstractRemoteTestNG.java:115)
at org.testng.remote.RemoteTestNG.initAndRun(RemoteTestNG.java:293)
at org.testng.remote.RemoteTestNG.main(RemoteTestNG.java:91)
]]>
            </full-stacktrace>
          </exception> <!-- org.openqa.selenium.NoSuchElementException -->
          <reporter-output>
          </reporter-output>
        </test-method> <!-- LogOutClick -->
        <test-method is-config="true" signature="teardown()[pri:0, instance:sfdc.pageobjmod.tests.UserMenuTest@1c6804cd]" started-at="2025-07-31T16:58:07 PDT" name="teardown" finished-at="2025-07-31T16:58:07 PDT" duration-ms="220" status="PASS">
          <reporter-output>
          </reporter-output>
        </test-method> <!-- teardown -->
        <test-method is-config="true" signature="initMethod()[pri:0, instance:sfdc.pageobjmod.tests.UserMenuTest@1c6804cd]" started-at="2025-07-31T16:58:07 PDT" name="initMethod" finished-at="2025-07-31T16:58:08 PDT" duration-ms="1273" status="PASS">
          <reporter-output>
          </reporter-output>
        </test-method> <!-- initMethod -->
        <test-method signature="MysettingDropdown()[pri:0, instance:sfdc.pageobjmod.tests.UserMenuTest@1c6804cd]" started-at="2025-07-31T16:58:08 PDT" name="MysettingDropdown" finished-at="2025-07-31T16:58:17 PDT" duration-ms="8713" status="PASS">
          <reporter-output>
          </reporter-output>
        </test-method> <!-- MysettingDropdown -->
        <test-method is-config="true" signature="teardown()[pri:0, instance:sfdc.pageobjmod.tests.UserMenuTest@1c6804cd]" started-at="2025-07-31T16:58:17 PDT" name="teardown" finished-at="2025-07-31T16:58:17 PDT" duration-ms="230" status="PASS">
          <reporter-output>
          </reporter-output>
        </test-method> <!-- teardown -->
        <test-method is-config="true" signature="initMethod()[pri:0, instance:sfdc.pageobjmod.tests.UserMenuTest@1c6804cd]" started-at="2025-07-31T16:58:17 PDT" name="initMethod" finished-at="2025-07-31T16:58:18 PDT" duration-ms="1208" status="PASS">
          <reporter-output>
          </reporter-output>
        </test-method> <!-- initMethod -->
        <test-method signature="myProfileclickAddPhoto()[pri:0, instance:sfdc.pageobjmod.tests.UserMenuTest@1c6804cd]" started-at="2025-07-31T16:58:18 PDT" name="myProfileclickAddPhoto" finished-at="2025-07-31T16:58:29 PDT" duration-ms="10383" status="PASS">
          <reporter-output>
          </reporter-output>
        </test-method> <!-- myProfileclickAddPhoto -->
        <test-method is-config="true" signature="teardown()[pri:0, instance:sfdc.pageobjmod.tests.UserMenuTest@1c6804cd]" started-at="2025-07-31T16:58:29 PDT" name="teardown" finished-at="2025-07-31T16:58:29 PDT" duration-ms="236" status="PASS">
          <reporter-output>
          </reporter-output>
        </test-method> <!-- teardown -->
        <test-method is-config="true" signature="initMethod()[pri:0, instance:sfdc.pageobjmod.tests.UserMenuTest@1c6804cd]" started-at="2025-07-31T16:58:29 PDT" name="initMethod" finished-at="2025-07-31T16:58:30 PDT" duration-ms="1219" status="PASS">
          <reporter-output>
          </reporter-output>
        </test-method> <!-- initMethod -->
        <test-method signature="postLink()[pri:0, instance:sfdc.pageobjmod.tests.UserMenuTest@1c6804cd]" started-at="2025-07-31T16:58:30 PDT" name="postLink" finished-at="2025-07-31T16:58:40 PDT" duration-ms="9656" status="PASS">
          <reporter-output>
          </reporter-output>
        </test-method> <!-- postLink -->
        <test-method is-config="true" signature="teardown()[pri:0, instance:sfdc.pageobjmod.tests.UserMenuTest@1c6804cd]" started-at="2025-07-31T16:58:40 PDT" name="teardown" finished-at="2025-07-31T16:58:40 PDT" duration-ms="286" status="PASS">
          <reporter-output>
          </reporter-output>
        </test-method> <!-- teardown -->
      </class> <!-- sfdc.pageobjmod.tests.UserMenuTest -->
    </test> <!-- Default test -->
  </suite> <!-- Default suite -->
</testng-results>
